Loading required package: MASS
WaveThresh: R wavelet software, release 4.6.6, installed

Copyright Guy Nason and others 1993-2013

Note: nlevels has been renamed to nlevelsWT

Loading required package: ashr
Loading required package: truncnorm
Loading required package: SQUAREM
Loading required package: Rcpp
Loading required package: inline
Loading required package: methods

Attaching package: ‘inline’

The following object is masked from ‘package:Rcpp’:

    registerPlugin

Warning message:
In fun(libname, pkgname) : couldn't connect to display "localhost:11.0"
Error in var.est.ash.haar.cons.v1[i, ] = bayesmooth(sim.m.cons.v1[i, ],  : 
  incorrect number of subscripts on matrix
Execution halted
Loading required package: MASS
WaveThresh: R wavelet software, release 4.6.6, installed

Copyright Guy Nason and others 1993-2013

Note: nlevels has been renamed to nlevelsWT

Loading required package: ashr
Loading required package: truncnorm
Loading required package: SQUAREM
Loading required package: Rcpp
Loading required package: inline
Loading required package: methods

Attaching package: ‘inline’

The following object is masked from ‘package:Rcpp’:

    registerPlugin

Error in file(filename, "r", encoding = encoding) : 
  cannot open the connection
Calls: source -> withVisible -> eval -> eval -> source -> file
In addition: Warning message:
In file(filename, "r", encoding = encoding) :
  cannot open file '/mnt/lustre/home/zrxing/ashwave/Rcode/jash.r': No such file or directory
Execution halted
Loading required package: MASS
WaveThresh: R wavelet software, release 4.6.6, installed

Copyright Guy Nason and others 1993-2013

Note: nlevels has been renamed to nlevelsWT

Loading required package: ashr
Loading required package: truncnorm
Loading required package: SQUAREM
Loading required package: Rcpp
Loading required package: inline
Loading required package: methods

Attaching package: ‘inline’

The following object is masked from ‘package:Rcpp’:

    registerPlugin

Warning message:
In fun(libname, pkgname) : no DISPLAY variable so Tk is not available
Loading required package: MASS
WaveThresh: R wavelet software, release 4.6.6, installed

Copyright Guy Nason and others 1993-2013

Note: nlevels has been renamed to nlevelsWT

Loading required package: ashr
Loading required package: truncnorm
Loading required package: SQUAREM
Loading required package: Rcpp
Loading required package: inline
Loading required package: methods

Attaching package: ‘inline’

The following object is masked from ‘package:Rcpp’:

    registerPlugin

Warning message:
In fun(libname, pkgname) : no DISPLAY variable so Tk is not available
Loading required package: MASS
WaveThresh: R wavelet software, release 4.6.6, installed

Copyright Guy Nason and others 1993-2013

Note: nlevels has been renamed to nlevelsWT

Loading required package: ashr
Loading required package: truncnorm
Loading required package: SQUAREM
Loading required package: Rcpp
Loading required package: inline
Loading required package: methods

Attaching package: ‘inline’

The following object is masked from ‘package:Rcpp’:

    registerPlugin

Warning message:
In fun(libname, pkgname) : no DISPLAY variable so Tk is not available
