/mnt/lustre/home/zrxing/R/x86_64-unknown-linux-gnu-library/3.0/Rcpp/include/Rcpp/Date.h: In member function ‘void Rcpp::Date::update_tm()’:
/mnt/lustre/home/zrxing/R/x86_64-unknown-linux-gnu-library/3.0/Rcpp/include/Rcpp/Date.h:108: warning: converting to ‘time_t’ from ‘double’
/mnt/lustre/home/zrxing/R/x86_64-unknown-linux-gnu-library/3.0/Rcpp/include/Rcpp/Date.h: In function ‘Rcpp::Date Rcpp::operator+(const Rcpp::Date&, int)’:
/mnt/lustre/home/zrxing/R/x86_64-unknown-linux-gnu-library/3.0/Rcpp/include/Rcpp/Date.h:139: warning: converting to ‘time_t’ from ‘double’
/mnt/lustre/home/zrxing/R/x86_64-unknown-linux-gnu-library/3.0/Rcpp/include/Rcpp/Date.h: In member function ‘void Rcpp::Date::update_tm()’:
/mnt/lustre/home/zrxing/R/x86_64-unknown-linux-gnu-library/3.0/Rcpp/include/Rcpp/Date.h:108: warning: converting to ‘time_t’ from ‘double’
/mnt/lustre/home/zrxing/R/x86_64-unknown-linux-gnu-library/3.0/Rcpp/include/Rcpp/Date.h: In function ‘Rcpp::Date Rcpp::operator+(const Rcpp::Date&, int)’:
/mnt/lustre/home/zrxing/R/x86_64-unknown-linux-gnu-library/3.0/Rcpp/include/Rcpp/Date.h:139: warning: converting to ‘time_t’ from ‘double’
/mnt/lustre/home/zrxing/R/x86_64-unknown-linux-gnu-library/3.0/Rcpp/include/Rcpp/Date.h: In member function ‘void Rcpp::Date::update_tm()’:
/mnt/lustre/home/zrxing/R/x86_64-unknown-linux-gnu-library/3.0/Rcpp/include/Rcpp/Date.h:108: warning: converting to ‘time_t’ from ‘double’
/mnt/lustre/home/zrxing/R/x86_64-unknown-linux-gnu-library/3.0/Rcpp/include/Rcpp/Date.h: In function ‘Rcpp::Date Rcpp::operator+(const Rcpp::Date&, int)’:
/mnt/lustre/home/zrxing/R/x86_64-unknown-linux-gnu-library/3.0/Rcpp/include/Rcpp/Date.h:139: warning: converting to ‘time_t’ from ‘double’
file302a2e9a753e.cpp: In function ‘SEXPREC* file302a2e9a753e(SEXPREC*, SEXPREC*, SEXPREC*)’:
file302a2e9a753e.cpp:40: warning: converting to ‘int’ from ‘double’
file302a2e9a753e.cpp:40: warning: converting to ‘int’ from ‘double’
/mnt/lustre/home/zrxing/R/x86_64-unknown-linux-gnu-library/3.0/Rcpp/include/Rcpp/Date.h: In member function ‘void Rcpp::Date::update_tm()’:
/mnt/lustre/home/zrxing/R/x86_64-unknown-linux-gnu-library/3.0/Rcpp/include/Rcpp/Date.h:108: warning: converting to ‘time_t’ from ‘double’
/mnt/lustre/home/zrxing/R/x86_64-unknown-linux-gnu-library/3.0/Rcpp/include/Rcpp/Date.h: In function ‘Rcpp::Date Rcpp::operator+(const Rcpp::Date&, int)’:
/mnt/lustre/home/zrxing/R/x86_64-unknown-linux-gnu-library/3.0/Rcpp/include/Rcpp/Date.h:139: warning: converting to ‘time_t’ from ‘double’
file302a6046cde7.cpp: In function ‘SEXPREC* file302a6046cde7(SEXPREC*, SEXPREC*, SEXPREC*)’:
file302a6046cde7.cpp:40: warning: converting to ‘int’ from ‘double’
file302a6046cde7.cpp:40: warning: converting to ‘int’ from ‘double’
[1] "start"
[1] 1
/mnt/lustre/home/zrxing/R/x86_64-unknown-linux-gnu-library/3.0/Rcpp/include/Rcpp/Date.h: In member function ‘void Rcpp::Date::update_tm()’:
/mnt/lustre/home/zrxing/R/x86_64-unknown-linux-gnu-library/3.0/Rcpp/include/Rcpp/Date.h:108: warning: converting to ‘time_t’ from ‘double’
/mnt/lustre/home/zrxing/R/x86_64-unknown-linux-gnu-library/3.0/Rcpp/include/Rcpp/Date.h: In function ‘Rcpp::Date Rcpp::operator+(const Rcpp::Date&, int)’:
/mnt/lustre/home/zrxing/R/x86_64-unknown-linux-gnu-library/3.0/Rcpp/include/Rcpp/Date.h:139: warning: converting to ‘time_t’ from ‘double’
/mnt/lustre/home/zrxing/R/x86_64-unknown-linux-gnu-library/3.0/Rcpp/include/Rcpp/Date.h: In member function ‘void Rcpp::Date::update_tm()’:
/mnt/lustre/home/zrxing/R/x86_64-unknown-linux-gnu-library/3.0/Rcpp/include/Rcpp/Date.h:108: warning: converting to ‘time_t’ from ‘double’
/mnt/lustre/home/zrxing/R/x86_64-unknown-linux-gnu-library/3.0/Rcpp/include/Rcpp/Date.h: In function ‘Rcpp::Date Rcpp::operator+(const Rcpp::Date&, int)’:
/mnt/lustre/home/zrxing/R/x86_64-unknown-linux-gnu-library/3.0/Rcpp/include/Rcpp/Date.h:139: warning: converting to ‘time_t’ from ‘double’
/mnt/lustre/home/zrxing/R/x86_64-unknown-linux-gnu-library/3.0/Rcpp/include/Rcpp/Date.h: In member function ‘void Rcpp::Date::update_tm()’:
/mnt/lustre/home/zrxing/R/x86_64-unknown-linux-gnu-library/3.0/Rcpp/include/Rcpp/Date.h:108: warning: converting to ‘time_t’ from ‘double’
/mnt/lustre/home/zrxing/R/x86_64-unknown-linux-gnu-library/3.0/Rcpp/include/Rcpp/Date.h: In function ‘Rcpp::Date Rcpp::operator+(const Rcpp::Date&, int)’:
/mnt/lustre/home/zrxing/R/x86_64-unknown-linux-gnu-library/3.0/Rcpp/include/Rcpp/Date.h:139: warning: converting to ‘time_t’ from ‘double’
file28065ed37fd.cpp: In function ‘SEXPREC* file28065ed37fd(SEXPREC*, SEXPREC*, SEXPREC*)’:
file28065ed37fd.cpp:40: warning: converting to ‘int’ from ‘double’
file28065ed37fd.cpp:40: warning: converting to ‘int’ from ‘double’
/mnt/lustre/home/zrxing/R/x86_64-unknown-linux-gnu-library/3.0/Rcpp/include/Rcpp/Date.h: In member function ‘void Rcpp::Date::update_tm()’:
/mnt/lustre/home/zrxing/R/x86_64-unknown-linux-gnu-library/3.0/Rcpp/include/Rcpp/Date.h:108: warning: converting to ‘time_t’ from ‘double’
/mnt/lustre/home/zrxing/R/x86_64-unknown-linux-gnu-library/3.0/Rcpp/include/Rcpp/Date.h: In function ‘Rcpp::Date Rcpp::operator+(const Rcpp::Date&, int)’:
/mnt/lustre/home/zrxing/R/x86_64-unknown-linux-gnu-library/3.0/Rcpp/include/Rcpp/Date.h:139: warning: converting to ‘time_t’ from ‘double’
file28057c46e89.cpp: In function ‘SEXPREC* file28057c46e89(SEXPREC*, SEXPREC*, SEXPREC*)’:
file28057c46e89.cpp:40: warning: converting to ‘int’ from ‘double’
file28057c46e89.cpp:40: warning: converting to ‘int’ from ‘double’
[1] "start"
/mnt/lustre/home/zrxing/R/x86_64-unknown-linux-gnu-library/3.0/Rcpp/include/Rcpp/Date.h: In member function ‘void Rcpp::Date::update_tm()’:
/mnt/lustre/home/zrxing/R/x86_64-unknown-linux-gnu-library/3.0/Rcpp/include/Rcpp/Date.h:108: warning: converting to ‘time_t’ from ‘double’
/mnt/lustre/home/zrxing/R/x86_64-unknown-linux-gnu-library/3.0/Rcpp/include/Rcpp/Date.h: In function ‘Rcpp::Date Rcpp::operator+(const Rcpp::Date&, int)’:
/mnt/lustre/home/zrxing/R/x86_64-unknown-linux-gnu-library/3.0/Rcpp/include/Rcpp/Date.h:139: warning: converting to ‘time_t’ from ‘double’
/mnt/lustre/home/zrxing/R/x86_64-unknown-linux-gnu-library/3.0/Rcpp/include/Rcpp/Date.h: In member function ‘void Rcpp::Date::update_tm()’:
/mnt/lustre/home/zrxing/R/x86_64-unknown-linux-gnu-library/3.0/Rcpp/include/Rcpp/Date.h:108: warning: converting to ‘time_t’ from ‘double’
/mnt/lustre/home/zrxing/R/x86_64-unknown-linux-gnu-library/3.0/Rcpp/include/Rcpp/Date.h: In function ‘Rcpp::Date Rcpp::operator+(const Rcpp::Date&, int)’:
/mnt/lustre/home/zrxing/R/x86_64-unknown-linux-gnu-library/3.0/Rcpp/include/Rcpp/Date.h:139: warning: converting to ‘time_t’ from ‘double’
/mnt/lustre/home/zrxing/R/x86_64-unknown-linux-gnu-library/3.0/Rcpp/include/Rcpp/Date.h: In member function ‘void Rcpp::Date::update_tm()’:
/mnt/lustre/home/zrxing/R/x86_64-unknown-linux-gnu-library/3.0/Rcpp/include/Rcpp/Date.h:108: warning: converting to ‘time_t’ from ‘double’
/mnt/lustre/home/zrxing/R/x86_64-unknown-linux-gnu-library/3.0/Rcpp/include/Rcpp/Date.h: In function ‘Rcpp::Date Rcpp::operator+(const Rcpp::Date&, int)’:
/mnt/lustre/home/zrxing/R/x86_64-unknown-linux-gnu-library/3.0/Rcpp/include/Rcpp/Date.h:139: warning: converting to ‘time_t’ from ‘double’
file677d7be52d54.cpp: In function ‘SEXPREC* file677d7be52d54(SEXPREC*, SEXPREC*, SEXPREC*)’:
file677d7be52d54.cpp:40: warning: converting to ‘int’ from ‘double’
file677d7be52d54.cpp:40: warning: converting to ‘int’ from ‘double’
/mnt/lustre/home/zrxing/R/x86_64-unknown-linux-gnu-library/3.0/Rcpp/include/Rcpp/Date.h: In member function ‘void Rcpp::Date::update_tm()’:
/mnt/lustre/home/zrxing/R/x86_64-unknown-linux-gnu-library/3.0/Rcpp/include/Rcpp/Date.h:108: warning: converting to ‘time_t’ from ‘double’
/mnt/lustre/home/zrxing/R/x86_64-unknown-linux-gnu-library/3.0/Rcpp/include/Rcpp/Date.h: In function ‘Rcpp::Date Rcpp::operator+(const Rcpp::Date&, int)’:
/mnt/lustre/home/zrxing/R/x86_64-unknown-linux-gnu-library/3.0/Rcpp/include/Rcpp/Date.h:139: warning: converting to ‘time_t’ from ‘double’
file677d526a81f1.cpp: In function ‘SEXPREC* file677d526a81f1(SEXPREC*, SEXPREC*, SEXPREC*)’:
file677d526a81f1.cpp:40: warning: converting to ‘int’ from ‘double’
file677d526a81f1.cpp:40: warning: converting to ‘int’ from ‘double’
[1] "start"
[1] 1
[1] 2
[1] 3
[1] 4
[1] 5
[1] 6
[1] 7
[1] 8
[1] 9
[1] 10
[1] 11
[1] 12
[1] 13
[1] 14
[1] 15
[1] 16
[1] 17
[1] 18
[1] 19
[1] 20
[1] 21
[1] 22
[1] 23
[1] 24
[1] 25
[1] 26
[1] 27
[1] 28
[1] 29
[1] 30
[1] 31
[1] 32
[1] 33
[1] 34
[1] 35
[1] 36
[1] 37
[1] 38
[1] 39
[1] 40
[1] 41
[1] 42
[1] 43
[1] 44
[1] 45
[1] 46
[1] 47
[1] 48
[1] 49
[1] 50
[1] 51
[1] 52
[1] 53
[1] 54
[1] 55
[1] 56
[1] 57
[1] 58
[1] 59
[1] 60
[1] 61
[1] 62
[1] 63
[1] 64
[1] 65
[1] 66
[1] 67
[1] 68
[1] 69
[1] 70
[1] 71
[1] 72
[1] 73
[1] 74
[1] 75
[1] 76
[1] 77
[1] 78
[1] 79
[1] 80
[1] 81
[1] 82
[1] 83
[1] 84
[1] 85
[1] 86
[1] 87
[1] 88
[1] 89
[1] 90
[1] 91
[1] 92
[1] 93
[1] 94
[1] 95
[1] 96
[1] 97
[1] 98
[1] 99
[1] 100
/mnt/lustre/home/zrxing/R/x86_64-unknown-linux-gnu-library/3.0/Rcpp/include/Rcpp/Date.h: In member function ‘void Rcpp::Date::update_tm()’:
/mnt/lustre/home/zrxing/R/x86_64-unknown-linux-gnu-library/3.0/Rcpp/include/Rcpp/Date.h:108: warning: converting to ‘time_t’ from ‘double’
/mnt/lustre/home/zrxing/R/x86_64-unknown-linux-gnu-library/3.0/Rcpp/include/Rcpp/Date.h: In function ‘Rcpp::Date Rcpp::operator+(const Rcpp::Date&, int)’:
/mnt/lustre/home/zrxing/R/x86_64-unknown-linux-gnu-library/3.0/Rcpp/include/Rcpp/Date.h:139: warning: converting to ‘time_t’ from ‘double’
/mnt/lustre/home/zrxing/R/x86_64-unknown-linux-gnu-library/3.0/Rcpp/include/Rcpp/Date.h: In member function ‘void Rcpp::Date::update_tm()’:
/mnt/lustre/home/zrxing/R/x86_64-unknown-linux-gnu-library/3.0/Rcpp/include/Rcpp/Date.h:108: warning: converting to ‘time_t’ from ‘double’
/mnt/lustre/home/zrxing/R/x86_64-unknown-linux-gnu-library/3.0/Rcpp/include/Rcpp/Date.h: In function ‘Rcpp::Date Rcpp::operator+(const Rcpp::Date&, int)’:
/mnt/lustre/home/zrxing/R/x86_64-unknown-linux-gnu-library/3.0/Rcpp/include/Rcpp/Date.h:139: warning: converting to ‘time_t’ from ‘double’
/mnt/lustre/home/zrxing/R/x86_64-unknown-linux-gnu-library/3.0/Rcpp/include/Rcpp/Date.h: In member function ‘void Rcpp::Date::update_tm()’:
/mnt/lustre/home/zrxing/R/x86_64-unknown-linux-gnu-library/3.0/Rcpp/include/Rcpp/Date.h:108: warning: converting to ‘time_t’ from ‘double’
/mnt/lustre/home/zrxing/R/x86_64-unknown-linux-gnu-library/3.0/Rcpp/include/Rcpp/Date.h: In function ‘Rcpp::Date Rcpp::operator+(const Rcpp::Date&, int)’:
/mnt/lustre/home/zrxing/R/x86_64-unknown-linux-gnu-library/3.0/Rcpp/include/Rcpp/Date.h:139: warning: converting to ‘time_t’ from ‘double’
file24c33df40503.cpp: In function ‘SEXPREC* file24c33df40503(SEXPREC*, SEXPREC*, SEXPREC*)’:
file24c33df40503.cpp:40: warning: converting to ‘int’ from ‘double’
file24c33df40503.cpp:40: warning: converting to ‘int’ from ‘double’
/mnt/lustre/home/zrxing/R/x86_64-unknown-linux-gnu-library/3.0/Rcpp/include/Rcpp/Date.h: In member function ‘void Rcpp::Date::update_tm()’:
/mnt/lustre/home/zrxing/R/x86_64-unknown-linux-gnu-library/3.0/Rcpp/include/Rcpp/Date.h:108: warning: converting to ‘time_t’ from ‘double’
/mnt/lustre/home/zrxing/R/x86_64-unknown-linux-gnu-library/3.0/Rcpp/include/Rcpp/Date.h: In function ‘Rcpp::Date Rcpp::operator+(const Rcpp::Date&, int)’:
/mnt/lustre/home/zrxing/R/x86_64-unknown-linux-gnu-library/3.0/Rcpp/include/Rcpp/Date.h:139: warning: converting to ‘time_t’ from ‘double’
file24c31c9f94.cpp: In function ‘SEXPREC* file24c31c9f94(SEXPREC*, SEXPREC*, SEXPREC*)’:
file24c31c9f94.cpp:40: warning: converting to ‘int’ from ‘double’
file24c31c9f94.cpp:40: warning: converting to ‘int’ from ‘double’
[1] "start"
[1] 1
[1] 2
[1] 3
[1] 4
[1] 5
[1] 6
[1] 7
[1] 8
[1] 9
[1] 10
[1] 11
[1] 12
[1] 13
[1] 14
[1] 15
[1] 16
[1] 17
[1] 18
[1] 19
[1] 20
[1] 21
[1] 22
[1] 23
[1] 24
[1] 25
[1] 26
[1] 27
[1] 28
[1] 29
[1] 30
[1] 31
[1] 32
[1] 33
[1] 34
[1] 35
[1] 36
[1] 37
[1] 38
[1] 39
[1] 40
[1] 41
[1] 42
[1] 43
[1] 44
[1] 45
[1] 46
[1] 47
[1] 48
[1] 49
[1] 50
[1] 51
[1] 52
[1] 53
[1] 54
[1] 55
[1] 56
[1] 57
[1] 58
[1] 59
[1] 60
[1] 61
[1] 62
[1] 63
[1] 64
[1] 65
[1] 66
[1] 67
[1] 68
[1] 69
[1] 70
[1] 71
[1] 72
[1] 73
[1] 74
[1] 75
[1] 76
[1] 77
[1] 78
[1] 79
[1] 80
[1] 81
[1] 82
[1] 83
[1] 84
[1] 85
[1] 86
[1] 87
[1] 88
[1] 89
[1] 90
[1] 91
[1] 92
[1] 93
[1] 94
[1] 95
[1] 96
[1] 97
[1] 98
[1] 99
[1] 100
        s8       haar    s8_jash  haar_jash 
0.09694942 0.11141414 0.11167146 0.12862546 
        s8    s8_jash       haar  haar_jash 
0.03637599 0.03784721 0.04289624 0.04562584 
  s8_jash haar_jash      haar        s8 
0.1717446 0.2244308 0.2990662 0.3673142 
       s8 haar_jash      haar   s8_jash 
0.4838019 0.4862979 0.5066229 0.5077777 
        s8    s8_jash       haar  haar_jash 
0.09729775 0.11232487 0.11441364 0.13143301 
        s8    s8_jash       haar  haar_jash 
0.03658806 0.03827010 0.04535547 0.04816106 
  s8_jash haar_jash      haar        s8 
0.1900255 0.2156525 0.3169789 0.3807276 
       s8 haar_jash   s8_jash      haar 
0.4845023 0.4921428 0.5097312 0.5116828 
       s8   s8_jash      haar haar_jash 
0.1087445 0.1257799 0.1262878 0.1453237 
        s8    s8_jash       haar  haar_jash 
0.04038029 0.04251339 0.05059312 0.05296591 
  s8_jash haar_jash      haar        s8 
0.1734766 0.2236944 0.3176302 0.3802116 
haar_jash        s8      haar   s8_jash 
0.4920623 0.4943425 0.5081207 0.5182754 
       s8      haar   s8_jash haar_jash 
0.1141774 0.1292770 0.1337817 0.1454578 
        s8    s8_jash       haar  haar_jash 
0.04308719 0.04659045 0.05260532 0.05464816 
  s8_jash haar_jash      haar        s8 
0.1652982 0.2320760 0.3351398 0.3535724 
       s8 haar_jash   s8_jash      haar 
0.4988367 0.5204954 0.5286037 0.5473806 
        s8    s8_jash       haar  haar_jash 
0.09879534 0.11357547 0.11425213 0.13155349 
        s8    s8_jash       haar  haar_jash 
0.03701996 0.03866332 0.04442237 0.04704380 
  s8_jash haar_jash      haar        s8 
0.1825787 0.2290358 0.3154048 0.3909072 
       s8 haar_jash   s8_jash      haar 
0.4890919 0.4907394 0.5117232 0.5119532 
