/mnt/lustre/home/zrxing/R/x86_64-unknown-linux-gnu-library/3.0/Rcpp/include/Rcpp/Date.h: In member function ‘void Rcpp::Date::update_tm()’:
/mnt/lustre/home/zrxing/R/x86_64-unknown-linux-gnu-library/3.0/Rcpp/include/Rcpp/Date.h:108: warning: converting to ‘time_t’ from ‘double’
/mnt/lustre/home/zrxing/R/x86_64-unknown-linux-gnu-library/3.0/Rcpp/include/Rcpp/Date.h: In function ‘Rcpp::Date Rcpp::operator+(const Rcpp::Date&, int)’:
/mnt/lustre/home/zrxing/R/x86_64-unknown-linux-gnu-library/3.0/Rcpp/include/Rcpp/Date.h:139: warning: converting to ‘time_t’ from ‘double’
/mnt/lustre/home/zrxing/R/x86_64-unknown-linux-gnu-library/3.0/Rcpp/include/Rcpp/Date.h: In member function ‘void Rcpp::Date::update_tm()’:
/mnt/lustre/home/zrxing/R/x86_64-unknown-linux-gnu-library/3.0/Rcpp/include/Rcpp/Date.h:108: warning: converting to ‘time_t’ from ‘double’
/mnt/lustre/home/zrxing/R/x86_64-unknown-linux-gnu-library/3.0/Rcpp/include/Rcpp/Date.h: In function ‘Rcpp::Date Rcpp::operator+(const Rcpp::Date&, int)’:
/mnt/lustre/home/zrxing/R/x86_64-unknown-linux-gnu-library/3.0/Rcpp/include/Rcpp/Date.h:139: warning: converting to ‘time_t’ from ‘double’
/mnt/lustre/home/zrxing/R/x86_64-unknown-linux-gnu-library/3.0/Rcpp/include/Rcpp/Date.h: In member function ‘void Rcpp::Date::update_tm()’:
/mnt/lustre/home/zrxing/R/x86_64-unknown-linux-gnu-library/3.0/Rcpp/include/Rcpp/Date.h:108: warning: converting to ‘time_t’ from ‘double’
/mnt/lustre/home/zrxing/R/x86_64-unknown-linux-gnu-library/3.0/Rcpp/include/Rcpp/Date.h: In function ‘Rcpp::Date Rcpp::operator+(const Rcpp::Date&, int)’:
/mnt/lustre/home/zrxing/R/x86_64-unknown-linux-gnu-library/3.0/Rcpp/include/Rcpp/Date.h:139: warning: converting to ‘time_t’ from ‘double’
file7fec532f644a.cpp: In function ‘SEXPREC* file7fec532f644a(SEXPREC*, SEXPREC*, SEXPREC*)’:
file7fec532f644a.cpp:40: warning: converting to ‘int’ from ‘double’
file7fec532f644a.cpp:40: warning: converting to ‘int’ from ‘double’
/mnt/lustre/home/zrxing/R/x86_64-unknown-linux-gnu-library/3.0/Rcpp/include/Rcpp/Date.h: In member function ‘void Rcpp::Date::update_tm()’:
/mnt/lustre/home/zrxing/R/x86_64-unknown-linux-gnu-library/3.0/Rcpp/include/Rcpp/Date.h:108: warning: converting to ‘time_t’ from ‘double’
/mnt/lustre/home/zrxing/R/x86_64-unknown-linux-gnu-library/3.0/Rcpp/include/Rcpp/Date.h: In function ‘Rcpp::Date Rcpp::operator+(const Rcpp::Date&, int)’:
/mnt/lustre/home/zrxing/R/x86_64-unknown-linux-gnu-library/3.0/Rcpp/include/Rcpp/Date.h:139: warning: converting to ‘time_t’ from ‘double’
file7fec142c77a6.cpp: In function ‘SEXPREC* file7fec142c77a6(SEXPREC*, SEXPREC*, SEXPREC*)’:
file7fec142c77a6.cpp:40: warning: converting to ‘int’ from ‘double’
file7fec142c77a6.cpp:40: warning: converting to ‘int’ from ‘double’
/mnt/lustre/home/zrxing/R/x86_64-unknown-linux-gnu-library/3.0/Rcpp/include/Rcpp/Date.h: In member function ‘void Rcpp::Date::update_tm()’:
/mnt/lustre/home/zrxing/R/x86_64-unknown-linux-gnu-library/3.0/Rcpp/include/Rcpp/Date.h:108: warning: converting to ‘time_t’ from ‘double’
/mnt/lustre/home/zrxing/R/x86_64-unknown-linux-gnu-library/3.0/Rcpp/include/Rcpp/Date.h: In function ‘Rcpp::Date Rcpp::operator+(const Rcpp::Date&, int)’:
/mnt/lustre/home/zrxing/R/x86_64-unknown-linux-gnu-library/3.0/Rcpp/include/Rcpp/Date.h:139: warning: converting to ‘time_t’ from ‘double’
/mnt/lustre/home/zrxing/R/x86_64-unknown-linux-gnu-library/3.0/Rcpp/include/Rcpp/Date.h: In member function ‘void Rcpp::Date::update_tm()’:
/mnt/lustre/home/zrxing/R/x86_64-unknown-linux-gnu-library/3.0/Rcpp/include/Rcpp/Date.h:108: warning: converting to ‘time_t’ from ‘double’
/mnt/lustre/home/zrxing/R/x86_64-unknown-linux-gnu-library/3.0/Rcpp/include/Rcpp/Date.h: In function ‘Rcpp::Date Rcpp::operator+(const Rcpp::Date&, int)’:
/mnt/lustre/home/zrxing/R/x86_64-unknown-linux-gnu-library/3.0/Rcpp/include/Rcpp/Date.h:139: warning: converting to ‘time_t’ from ‘double’
/mnt/lustre/home/zrxing/R/x86_64-unknown-linux-gnu-library/3.0/Rcpp/include/Rcpp/Date.h: In member function ‘void Rcpp::Date::update_tm()’:
/mnt/lustre/home/zrxing/R/x86_64-unknown-linux-gnu-library/3.0/Rcpp/include/Rcpp/Date.h:108: warning: converting to ‘time_t’ from ‘double’
/mnt/lustre/home/zrxing/R/x86_64-unknown-linux-gnu-library/3.0/Rcpp/include/Rcpp/Date.h: In function ‘Rcpp::Date Rcpp::operator+(const Rcpp::Date&, int)’:
/mnt/lustre/home/zrxing/R/x86_64-unknown-linux-gnu-library/3.0/Rcpp/include/Rcpp/Date.h:139: warning: converting to ‘time_t’ from ‘double’
file7fec69058975.cpp: In function ‘SEXPREC* file7fec69058975(SEXPREC*, SEXPREC*, SEXPREC*)’:
file7fec69058975.cpp:40: warning: converting to ‘int’ from ‘double’
file7fec69058975.cpp:40: warning: converting to ‘int’ from ‘double’
/mnt/lustre/home/zrxing/R/x86_64-unknown-linux-gnu-library/3.0/Rcpp/include/Rcpp/Date.h: In member function ‘void Rcpp::Date::update_tm()’:
/mnt/lustre/home/zrxing/R/x86_64-unknown-linux-gnu-library/3.0/Rcpp/include/Rcpp/Date.h:108: warning: converting to ‘time_t’ from ‘double’
/mnt/lustre/home/zrxing/R/x86_64-unknown-linux-gnu-library/3.0/Rcpp/include/Rcpp/Date.h: In function ‘Rcpp::Date Rcpp::operator+(const Rcpp::Date&, int)’:
/mnt/lustre/home/zrxing/R/x86_64-unknown-linux-gnu-library/3.0/Rcpp/include/Rcpp/Date.h:139: warning: converting to ‘time_t’ from ‘double’
file7fec30164113.cpp: In function ‘SEXPREC* file7fec30164113(SEXPREC*, SEXPREC*, SEXPREC*)’:
file7fec30164113.cpp:40: warning: converting to ‘int’ from ‘double’
file7fec30164113.cpp:40: warning: converting to ‘int’ from ‘double’
/mnt/lustre/home/zrxing/R/x86_64-unknown-linux-gnu-library/3.0/Rcpp/include/Rcpp/Date.h: In member function ‘void Rcpp::Date::update_tm()’:
/mnt/lustre/home/zrxing/R/x86_64-unknown-linux-gnu-library/3.0/Rcpp/include/Rcpp/Date.h:108: warning: converting to ‘time_t’ from ‘double’
/mnt/lustre/home/zrxing/R/x86_64-unknown-linux-gnu-library/3.0/Rcpp/include/Rcpp/Date.h: In function ‘Rcpp::Date Rcpp::operator+(const Rcpp::Date&, int)’:
/mnt/lustre/home/zrxing/R/x86_64-unknown-linux-gnu-library/3.0/Rcpp/include/Rcpp/Date.h:139: warning: converting to ‘time_t’ from ‘double’
/mnt/lustre/home/zrxing/R/x86_64-unknown-linux-gnu-library/3.0/Rcpp/include/Rcpp/Date.h: In member function ‘void Rcpp::Date::update_tm()’:
/mnt/lustre/home/zrxing/R/x86_64-unknown-linux-gnu-library/3.0/Rcpp/include/Rcpp/Date.h:108: warning: converting to ‘time_t’ from ‘double’
/mnt/lustre/home/zrxing/R/x86_64-unknown-linux-gnu-library/3.0/Rcpp/include/Rcpp/Date.h: In function ‘Rcpp::Date Rcpp::operator+(const Rcpp::Date&, int)’:
/mnt/lustre/home/zrxing/R/x86_64-unknown-linux-gnu-library/3.0/Rcpp/include/Rcpp/Date.h:139: warning: converting to ‘time_t’ from ‘double’
/mnt/lustre/home/zrxing/R/x86_64-unknown-linux-gnu-library/3.0/Rcpp/include/Rcpp/Date.h: In member function ‘void Rcpp::Date::update_tm()’:
/mnt/lustre/home/zrxing/R/x86_64-unknown-linux-gnu-library/3.0/Rcpp/include/Rcpp/Date.h:108: warning: converting to ‘time_t’ from ‘double’
/mnt/lustre/home/zrxing/R/x86_64-unknown-linux-gnu-library/3.0/Rcpp/include/Rcpp/Date.h: In function ‘Rcpp::Date Rcpp::operator+(const Rcpp::Date&, int)’:
/mnt/lustre/home/zrxing/R/x86_64-unknown-linux-gnu-library/3.0/Rcpp/include/Rcpp/Date.h:139: warning: converting to ‘time_t’ from ‘double’
file66d77dfc9b88.cpp: In function ‘SEXPREC* file66d77dfc9b88(SEXPREC*, SEXPREC*, SEXPREC*)’:
file66d77dfc9b88.cpp:40: warning: converting to ‘int’ from ‘double’
file66d77dfc9b88.cpp:40: warning: converting to ‘int’ from ‘double’
/mnt/lustre/home/zrxing/R/x86_64-unknown-linux-gnu-library/3.0/Rcpp/include/Rcpp/Date.h: In member function ‘void Rcpp::Date::update_tm()’:
/mnt/lustre/home/zrxing/R/x86_64-unknown-linux-gnu-library/3.0/Rcpp/include/Rcpp/Date.h:108: warning: converting to ‘time_t’ from ‘double’
/mnt/lustre/home/zrxing/R/x86_64-unknown-linux-gnu-library/3.0/Rcpp/include/Rcpp/Date.h: In function ‘Rcpp::Date Rcpp::operator+(const Rcpp::Date&, int)’:
/mnt/lustre/home/zrxing/R/x86_64-unknown-linux-gnu-library/3.0/Rcpp/include/Rcpp/Date.h:139: warning: converting to ‘time_t’ from ‘double’
file66d738cf04fc.cpp: In function ‘SEXPREC* file66d738cf04fc(SEXPREC*, SEXPREC*, SEXPREC*)’:
file66d738cf04fc.cpp:40: warning: converting to ‘int’ from ‘double’
file66d738cf04fc.cpp:40: warning: converting to ‘int’ from ‘double’
/mnt/lustre/home/zrxing/R/x86_64-unknown-linux-gnu-library/3.0/Rcpp/include/Rcpp/Date.h: In member function ‘void Rcpp::Date::update_tm()’:
/mnt/lustre/home/zrxing/R/x86_64-unknown-linux-gnu-library/3.0/Rcpp/include/Rcpp/Date.h:108: warning: converting to ‘time_t’ from ‘double’
/mnt/lustre/home/zrxing/R/x86_64-unknown-linux-gnu-library/3.0/Rcpp/include/Rcpp/Date.h: In function ‘Rcpp::Date Rcpp::operator+(const Rcpp::Date&, int)’:
/mnt/lustre/home/zrxing/R/x86_64-unknown-linux-gnu-library/3.0/Rcpp/include/Rcpp/Date.h:139: warning: converting to ‘time_t’ from ‘double’
/mnt/lustre/home/zrxing/R/x86_64-unknown-linux-gnu-library/3.0/Rcpp/include/Rcpp/Date.h: In member function ‘void Rcpp::Date::update_tm()’:
/mnt/lustre/home/zrxing/R/x86_64-unknown-linux-gnu-library/3.0/Rcpp/include/Rcpp/Date.h:108: warning: converting to ‘time_t’ from ‘double’
/mnt/lustre/home/zrxing/R/x86_64-unknown-linux-gnu-library/3.0/Rcpp/include/Rcpp/Date.h: In function ‘Rcpp::Date Rcpp::operator+(const Rcpp::Date&, int)’:
/mnt/lustre/home/zrxing/R/x86_64-unknown-linux-gnu-library/3.0/Rcpp/include/Rcpp/Date.h:139: warning: converting to ‘time_t’ from ‘double’
/mnt/lustre/home/zrxing/R/x86_64-unknown-linux-gnu-library/3.0/Rcpp/include/Rcpp/Date.h: In member function ‘void Rcpp::Date::update_tm()’:
/mnt/lustre/home/zrxing/R/x86_64-unknown-linux-gnu-library/3.0/Rcpp/include/Rcpp/Date.h:108: warning: converting to ‘time_t’ from ‘double’
/mnt/lustre/home/zrxing/R/x86_64-unknown-linux-gnu-library/3.0/Rcpp/include/Rcpp/Date.h: In function ‘Rcpp::Date Rcpp::operator+(const Rcpp::Date&, int)’:
/mnt/lustre/home/zrxing/R/x86_64-unknown-linux-gnu-library/3.0/Rcpp/include/Rcpp/Date.h:139: warning: converting to ‘time_t’ from ‘double’
file66d7f562935.cpp: In function ‘SEXPREC* file66d7f562935(SEXPREC*, SEXPREC*, SEXPREC*)’:
file66d7f562935.cpp:40: warning: converting to ‘int’ from ‘double’
file66d7f562935.cpp:40: warning: converting to ‘int’ from ‘double’
/mnt/lustre/home/zrxing/R/x86_64-unknown-linux-gnu-library/3.0/Rcpp/include/Rcpp/Date.h: In member function ‘void Rcpp::Date::update_tm()’:
/mnt/lustre/home/zrxing/R/x86_64-unknown-linux-gnu-library/3.0/Rcpp/include/Rcpp/Date.h:108: warning: converting to ‘time_t’ from ‘double’
/mnt/lustre/home/zrxing/R/x86_64-unknown-linux-gnu-library/3.0/Rcpp/include/Rcpp/Date.h: In function ‘Rcpp::Date Rcpp::operator+(const Rcpp::Date&, int)’:
/mnt/lustre/home/zrxing/R/x86_64-unknown-linux-gnu-library/3.0/Rcpp/include/Rcpp/Date.h:139: warning: converting to ‘time_t’ from ‘double’
file66d76afa3cf5.cpp: In function ‘SEXPREC* file66d76afa3cf5(SEXPREC*, SEXPREC*, SEXPREC*)’:
file66d76afa3cf5.cpp:40: warning: converting to ‘int’ from ‘double’
file66d76afa3cf5.cpp:40: warning: converting to ‘int’ from ‘double’
/mnt/lustre/home/zrxing/R/x86_64-unknown-linux-gnu-library/3.0/Rcpp/include/Rcpp/Date.h: In member function ‘void Rcpp::Date::update_tm()’:
/mnt/lustre/home/zrxing/R/x86_64-unknown-linux-gnu-library/3.0/Rcpp/include/Rcpp/Date.h:108: warning: converting to ‘time_t’ from ‘double’
/mnt/lustre/home/zrxing/R/x86_64-unknown-linux-gnu-library/3.0/Rcpp/include/Rcpp/Date.h: In function ‘Rcpp::Date Rcpp::operator+(const Rcpp::Date&, int)’:
/mnt/lustre/home/zrxing/R/x86_64-unknown-linux-gnu-library/3.0/Rcpp/include/Rcpp/Date.h:139: warning: converting to ‘time_t’ from ‘double’
/mnt/lustre/home/zrxing/R/x86_64-unknown-linux-gnu-library/3.0/Rcpp/include/Rcpp/Date.h: In member function ‘void Rcpp::Date::update_tm()’:
/mnt/lustre/home/zrxing/R/x86_64-unknown-linux-gnu-library/3.0/Rcpp/include/Rcpp/Date.h:108: warning: converting to ‘time_t’ from ‘double’
/mnt/lustre/home/zrxing/R/x86_64-unknown-linux-gnu-library/3.0/Rcpp/include/Rcpp/Date.h: In function ‘Rcpp::Date Rcpp::operator+(const Rcpp::Date&, int)’:
/mnt/lustre/home/zrxing/R/x86_64-unknown-linux-gnu-library/3.0/Rcpp/include/Rcpp/Date.h:139: warning: converting to ‘time_t’ from ‘double’
/mnt/lustre/home/zrxing/R/x86_64-unknown-linux-gnu-library/3.0/Rcpp/include/Rcpp/Date.h: In member function ‘void Rcpp::Date::update_tm()’:
/mnt/lustre/home/zrxing/R/x86_64-unknown-linux-gnu-library/3.0/Rcpp/include/Rcpp/Date.h:108: warning: converting to ‘time_t’ from ‘double’
/mnt/lustre/home/zrxing/R/x86_64-unknown-linux-gnu-library/3.0/Rcpp/include/Rcpp/Date.h: In function ‘Rcpp::Date Rcpp::operator+(const Rcpp::Date&, int)’:
/mnt/lustre/home/zrxing/R/x86_64-unknown-linux-gnu-library/3.0/Rcpp/include/Rcpp/Date.h:139: warning: converting to ‘time_t’ from ‘double’
file1c5111ab9281.cpp: In function ‘SEXPREC* file1c5111ab9281(SEXPREC*, SEXPREC*, SEXPREC*)’:
file1c5111ab9281.cpp:40: warning: converting to ‘int’ from ‘double’
file1c5111ab9281.cpp:40: warning: converting to ‘int’ from ‘double’
/mnt/lustre/home/zrxing/R/x86_64-unknown-linux-gnu-library/3.0/Rcpp/include/Rcpp/Date.h: In member function ‘void Rcpp::Date::update_tm()’:
/mnt/lustre/home/zrxing/R/x86_64-unknown-linux-gnu-library/3.0/Rcpp/include/Rcpp/Date.h:108: warning: converting to ‘time_t’ from ‘double’
/mnt/lustre/home/zrxing/R/x86_64-unknown-linux-gnu-library/3.0/Rcpp/include/Rcpp/Date.h: In function ‘Rcpp::Date Rcpp::operator+(const Rcpp::Date&, int)’:
/mnt/lustre/home/zrxing/R/x86_64-unknown-linux-gnu-library/3.0/Rcpp/include/Rcpp/Date.h:139: warning: converting to ‘time_t’ from ‘double’
file1c51169c1f75.cpp: In function ‘SEXPREC* file1c51169c1f75(SEXPREC*, SEXPREC*, SEXPREC*)’:
file1c51169c1f75.cpp:40: warning: converting to ‘int’ from ‘double’
file1c51169c1f75.cpp:40: warning: converting to ‘int’ from ‘double’
/mnt/lustre/home/zrxing/R/x86_64-unknown-linux-gnu-library/3.0/Rcpp/include/Rcpp/Date.h: In member function ‘void Rcpp::Date::update_tm()’:
/mnt/lustre/home/zrxing/R/x86_64-unknown-linux-gnu-library/3.0/Rcpp/include/Rcpp/Date.h:108: warning: converting to ‘time_t’ from ‘double’
/mnt/lustre/home/zrxing/R/x86_64-unknown-linux-gnu-library/3.0/Rcpp/include/Rcpp/Date.h: In function ‘Rcpp::Date Rcpp::operator+(const Rcpp::Date&, int)’:
/mnt/lustre/home/zrxing/R/x86_64-unknown-linux-gnu-library/3.0/Rcpp/include/Rcpp/Date.h:139: warning: converting to ‘time_t’ from ‘double’
/mnt/lustre/home/zrxing/R/x86_64-unknown-linux-gnu-library/3.0/Rcpp/include/Rcpp/Date.h: In member function ‘void Rcpp::Date::update_tm()’:
/mnt/lustre/home/zrxing/R/x86_64-unknown-linux-gnu-library/3.0/Rcpp/include/Rcpp/Date.h:108: warning: converting to ‘time_t’ from ‘double’
/mnt/lustre/home/zrxing/R/x86_64-unknown-linux-gnu-library/3.0/Rcpp/include/Rcpp/Date.h: In function ‘Rcpp::Date Rcpp::operator+(const Rcpp::Date&, int)’:
/mnt/lustre/home/zrxing/R/x86_64-unknown-linux-gnu-library/3.0/Rcpp/include/Rcpp/Date.h:139: warning: converting to ‘time_t’ from ‘double’
/mnt/lustre/home/zrxing/R/x86_64-unknown-linux-gnu-library/3.0/Rcpp/include/Rcpp/Date.h: In member function ‘void Rcpp::Date::update_tm()’:
/mnt/lustre/home/zrxing/R/x86_64-unknown-linux-gnu-library/3.0/Rcpp/include/Rcpp/Date.h:108: warning: converting to ‘time_t’ from ‘double’
/mnt/lustre/home/zrxing/R/x86_64-unknown-linux-gnu-library/3.0/Rcpp/include/Rcpp/Date.h: In function ‘Rcpp::Date Rcpp::operator+(const Rcpp::Date&, int)’:
/mnt/lustre/home/zrxing/R/x86_64-unknown-linux-gnu-library/3.0/Rcpp/include/Rcpp/Date.h:139: warning: converting to ‘time_t’ from ‘double’
file1c516d103954.cpp: In function ‘SEXPREC* file1c516d103954(SEXPREC*, SEXPREC*, SEXPREC*)’:
file1c516d103954.cpp:40: warning: converting to ‘int’ from ‘double’
file1c516d103954.cpp:40: warning: converting to ‘int’ from ‘double’
/mnt/lustre/home/zrxing/R/x86_64-unknown-linux-gnu-library/3.0/Rcpp/include/Rcpp/Date.h: In member function ‘void Rcpp::Date::update_tm()’:
/mnt/lustre/home/zrxing/R/x86_64-unknown-linux-gnu-library/3.0/Rcpp/include/Rcpp/Date.h:108: warning: converting to ‘time_t’ from ‘double’
/mnt/lustre/home/zrxing/R/x86_64-unknown-linux-gnu-library/3.0/Rcpp/include/Rcpp/Date.h: In function ‘Rcpp::Date Rcpp::operator+(const Rcpp::Date&, int)’:
/mnt/lustre/home/zrxing/R/x86_64-unknown-linux-gnu-library/3.0/Rcpp/include/Rcpp/Date.h:139: warning: converting to ‘time_t’ from ‘double’
file1c5133c14adf.cpp: In function ‘SEXPREC* file1c5133c14adf(SEXPREC*, SEXPREC*, SEXPREC*)’:
file1c5133c14adf.cpp:40: warning: converting to ‘int’ from ‘double’
file1c5133c14adf.cpp:40: warning: converting to ‘int’ from ‘double’
/mnt/lustre/home/zrxing/R/x86_64-unknown-linux-gnu-library/3.0/Rcpp/include/Rcpp/Date.h: In member function ‘void Rcpp::Date::update_tm()’:
/mnt/lustre/home/zrxing/R/x86_64-unknown-linux-gnu-library/3.0/Rcpp/include/Rcpp/Date.h:108: warning: converting to ‘time_t’ from ‘double’
/mnt/lustre/home/zrxing/R/x86_64-unknown-linux-gnu-library/3.0/Rcpp/include/Rcpp/Date.h: In function ‘Rcpp::Date Rcpp::operator+(const Rcpp::Date&, int)’:
/mnt/lustre/home/zrxing/R/x86_64-unknown-linux-gnu-library/3.0/Rcpp/include/Rcpp/Date.h:139: warning: converting to ‘time_t’ from ‘double’
/mnt/lustre/home/zrxing/R/x86_64-unknown-linux-gnu-library/3.0/Rcpp/include/Rcpp/Date.h: In member function ‘void Rcpp::Date::update_tm()’:
/mnt/lustre/home/zrxing/R/x86_64-unknown-linux-gnu-library/3.0/Rcpp/include/Rcpp/Date.h:108: warning: converting to ‘time_t’ from ‘double’
/mnt/lustre/home/zrxing/R/x86_64-unknown-linux-gnu-library/3.0/Rcpp/include/Rcpp/Date.h: In function ‘Rcpp::Date Rcpp::operator+(const Rcpp::Date&, int)’:
/mnt/lustre/home/zrxing/R/x86_64-unknown-linux-gnu-library/3.0/Rcpp/include/Rcpp/Date.h:139: warning: converting to ‘time_t’ from ‘double’
/mnt/lustre/home/zrxing/R/x86_64-unknown-linux-gnu-library/3.0/Rcpp/include/Rcpp/Date.h: In member function ‘void Rcpp::Date::update_tm()’:
/mnt/lustre/home/zrxing/R/x86_64-unknown-linux-gnu-library/3.0/Rcpp/include/Rcpp/Date.h:108: warning: converting to ‘time_t’ from ‘double’
/mnt/lustre/home/zrxing/R/x86_64-unknown-linux-gnu-library/3.0/Rcpp/include/Rcpp/Date.h: In function ‘Rcpp::Date Rcpp::operator+(const Rcpp::Date&, int)’:
/mnt/lustre/home/zrxing/R/x86_64-unknown-linux-gnu-library/3.0/Rcpp/include/Rcpp/Date.h:139: warning: converting to ‘time_t’ from ‘double’
file7744973de69.cpp: In function ‘SEXPREC* file7744973de69(SEXPREC*, SEXPREC*, SEXPREC*)’:
file7744973de69.cpp:40: warning: converting to ‘int’ from ‘double’
file7744973de69.cpp:40: warning: converting to ‘int’ from ‘double’
/mnt/lustre/home/zrxing/R/x86_64-unknown-linux-gnu-library/3.0/Rcpp/include/Rcpp/Date.h: In member function ‘void Rcpp::Date::update_tm()’:
/mnt/lustre/home/zrxing/R/x86_64-unknown-linux-gnu-library/3.0/Rcpp/include/Rcpp/Date.h:108: warning: converting to ‘time_t’ from ‘double’
/mnt/lustre/home/zrxing/R/x86_64-unknown-linux-gnu-library/3.0/Rcpp/include/Rcpp/Date.h: In function ‘Rcpp::Date Rcpp::operator+(const Rcpp::Date&, int)’:
/mnt/lustre/home/zrxing/R/x86_64-unknown-linux-gnu-library/3.0/Rcpp/include/Rcpp/Date.h:139: warning: converting to ‘time_t’ from ‘double’
file77442f64842d.cpp: In function ‘SEXPREC* file77442f64842d(SEXPREC*, SEXPREC*, SEXPREC*)’:
file77442f64842d.cpp:40: warning: converting to ‘int’ from ‘double’
file77442f64842d.cpp:40: warning: converting to ‘int’ from ‘double’
/mnt/lustre/home/zrxing/R/x86_64-unknown-linux-gnu-library/3.0/Rcpp/include/Rcpp/Date.h: In member function ‘void Rcpp::Date::update_tm()’:
/mnt/lustre/home/zrxing/R/x86_64-unknown-linux-gnu-library/3.0/Rcpp/include/Rcpp/Date.h:108: warning: converting to ‘time_t’ from ‘double’
/mnt/lustre/home/zrxing/R/x86_64-unknown-linux-gnu-library/3.0/Rcpp/include/Rcpp/Date.h: In function ‘Rcpp::Date Rcpp::operator+(const Rcpp::Date&, int)’:
/mnt/lustre/home/zrxing/R/x86_64-unknown-linux-gnu-library/3.0/Rcpp/include/Rcpp/Date.h:139: warning: converting to ‘time_t’ from ‘double’
/mnt/lustre/home/zrxing/R/x86_64-unknown-linux-gnu-library/3.0/Rcpp/include/Rcpp/Date.h: In member function ‘void Rcpp::Date::update_tm()’:
/mnt/lustre/home/zrxing/R/x86_64-unknown-linux-gnu-library/3.0/Rcpp/include/Rcpp/Date.h:108: warning: converting to ‘time_t’ from ‘double’
/mnt/lustre/home/zrxing/R/x86_64-unknown-linux-gnu-library/3.0/Rcpp/include/Rcpp/Date.h: In function ‘Rcpp::Date Rcpp::operator+(const Rcpp::Date&, int)’:
/mnt/lustre/home/zrxing/R/x86_64-unknown-linux-gnu-library/3.0/Rcpp/include/Rcpp/Date.h:139: warning: converting to ‘time_t’ from ‘double’
/mnt/lustre/home/zrxing/R/x86_64-unknown-linux-gnu-library/3.0/Rcpp/include/Rcpp/Date.h: In member function ‘void Rcpp::Date::update_tm()’:
/mnt/lustre/home/zrxing/R/x86_64-unknown-linux-gnu-library/3.0/Rcpp/include/Rcpp/Date.h:108: warning: converting to ‘time_t’ from ‘double’
/mnt/lustre/home/zrxing/R/x86_64-unknown-linux-gnu-library/3.0/Rcpp/include/Rcpp/Date.h: In function ‘Rcpp::Date Rcpp::operator+(const Rcpp::Date&, int)’:
/mnt/lustre/home/zrxing/R/x86_64-unknown-linux-gnu-library/3.0/Rcpp/include/Rcpp/Date.h:139: warning: converting to ‘time_t’ from ‘double’
file77441df6f759.cpp: In function ‘SEXPREC* file77441df6f759(SEXPREC*, SEXPREC*, SEXPREC*)’:
file77441df6f759.cpp:40: warning: converting to ‘int’ from ‘double’
file77441df6f759.cpp:40: warning: converting to ‘int’ from ‘double’
/mnt/lustre/home/zrxing/R/x86_64-unknown-linux-gnu-library/3.0/Rcpp/include/Rcpp/Date.h: In member function ‘void Rcpp::Date::update_tm()’:
/mnt/lustre/home/zrxing/R/x86_64-unknown-linux-gnu-library/3.0/Rcpp/include/Rcpp/Date.h:108: warning: converting to ‘time_t’ from ‘double’
/mnt/lustre/home/zrxing/R/x86_64-unknown-linux-gnu-library/3.0/Rcpp/include/Rcpp/Date.h: In function ‘Rcpp::Date Rcpp::operator+(const Rcpp::Date&, int)’:
/mnt/lustre/home/zrxing/R/x86_64-unknown-linux-gnu-library/3.0/Rcpp/include/Rcpp/Date.h:139: warning: converting to ‘time_t’ from ‘double’
file77444b8e7530.cpp: In function ‘SEXPREC* file77444b8e7530(SEXPREC*, SEXPREC*, SEXPREC*)’:
file77444b8e7530.cpp:40: warning: converting to ‘int’ from ‘double’
file77444b8e7530.cpp:40: warning: converting to ‘int’ from ‘double’
[1] "start"
[1] "okay"
[1] 1
[1] "okay"
[1] 2
[1] "okay"
[1] 3
[1] "okay"
[1] 4
[1] "okay"
[1] 5
[1] "okay"
[1] 6
[1] "okay"
[1] 7
[1] "okay"
[1] 8
[1] "okay"
[1] 9
[1] "okay"
[1] 10
[1] "okay"
[1] 11
[1] "okay"
[1] 12
[1] "okay"
[1] 13
[1] "okay"
[1] 14
[1] "okay"
[1] 15
[1] "okay"
[1] 16
[1] "okay"
[1] 17
[1] "okay"
[1] 18
[1] "okay"
[1] 19
[1] "okay"
[1] 20
[1] "okay"
[1] 21
[1] "okay"
[1] 22
[1] "okay"
[1] 23
[1] "okay"
[1] 24
[1] "okay"
[1] 25
[1] "okay"
[1] 26
[1] "okay"
[1] 27
[1] "okay"
[1] 28
[1] "okay"
[1] 29
[1] "okay"
[1] 30
[1] "okay"
[1] 31
[1] "okay"
[1] 32
[1] "okay"
[1] 33
[1] "okay"
[1] 34
[1] "okay"
[1] 35
[1] "okay"
[1] 36
[1] "okay"
[1] 37
[1] "okay"
[1] 38
[1] "okay"
[1] 39
[1] "okay"
[1] 40
[1] "okay"
[1] 41
[1] "okay"
[1] 42
[1] "okay"
[1] 43
[1] "okay"
[1] 44
[1] "okay"
[1] 45
[1] "okay"
[1] 46
[1] "okay"
[1] 47
[1] "okay"
[1] 48
[1] "okay"
[1] 49
[1] "okay"
[1] 50
[1] "okay"
[1] 51
[1] "okay"
[1] 52
[1] "okay"
[1] 53
[1] "okay"
[1] 54
[1] "okay"
[1] 55
[1] "okay"
[1] 56
[1] "okay"
[1] 57
[1] "okay"
[1] 58
[1] "okay"
[1] 59
[1] "okay"
[1] 60
[1] "okay"
[1] 61
[1] "okay"
[1] 62
[1] "okay"
[1] 63
[1] "okay"
[1] 64
[1] "okay"
[1] 65
[1] "okay"
[1] 66
[1] "okay"
[1] 67
[1] "okay"
[1] 68
[1] "okay"
[1] 69
[1] "okay"
[1] 70
[1] "okay"
[1] 71
[1] "okay"
[1] 72
[1] "okay"
[1] 73
[1] "okay"
[1] 74
[1] "okay"
[1] 75
[1] "okay"
[1] 76
[1] "okay"
[1] 77
[1] "okay"
[1] 78
[1] "okay"
[1] 79
[1] "okay"
[1] 80
[1] "okay"
[1] 81
[1] "okay"
[1] 82
[1] "okay"
[1] 83
[1] "okay"
[1] 84
[1] "okay"
[1] 85
[1] "okay"
[1] 86
[1] "okay"
[1] 87
[1] "okay"
[1] 88
[1] "okay"
[1] 89
[1] "okay"
[1] 90
[1] "okay"
[1] 91
[1] "okay"
[1] 92
[1] "okay"
[1] 93
[1] "okay"
[1] 94
[1] "okay"
[1] 95
[1] "okay"
[1] 96
[1] "okay"
[1] 97
[1] "okay"
[1] 98
[1] "okay"
[1] 99
[1] "okay"
[1] 100
