\BOOKMARK [1][-]{section.1}{Abstract}{}% 1
\BOOKMARK [1][-]{section.2}{Introduction}{}% 2
\BOOKMARK [1][-]{section.3}{Methods}{}% 3
\BOOKMARK [2][-]{subsection.3.1}{Adaptive shrinkage}{section.3}% 4
\BOOKMARK [2][-]{subsection.3.2}{Signal Denoising}{section.3}% 5
\BOOKMARK [3][-]{subsubsection.3.2.1}{Gaussian noise; estimate mean \(known variance\)}{subsection.3.2}% 6
\BOOKMARK [3][-]{subsubsection.3.2.2}{Estimating spatially structured variance \(known mean\)}{subsection.3.2}% 7
\BOOKMARK [3][-]{subsubsection.3.2.3}{Estimating spatially-structured mean and variance}{subsection.3.2}% 8
\BOOKMARK [2][-]{subsection.3.3}{Smoothing Poisson data}{section.3}% 9
\BOOKMARK [1][-]{section.4}{Results}{}% 10
\BOOKMARK [2][-]{subsection.4.1}{Illustration}{section.4}% 11
\BOOKMARK [2][-]{subsection.4.2}{Simulations}{section.4}% 12
\BOOKMARK [3][-]{subsubsection.4.2.1}{Gaussian mean estimation}{subsection.4.2}% 13
\BOOKMARK [3][-]{subsubsection.4.2.2}{Gaussian variance estimation}{subsection.4.2}% 14
\BOOKMARK [3][-]{subsubsection.4.2.3}{Poisson Data}{subsection.4.2}% 15
\BOOKMARK [1][-]{section.5}{Illustrative applications}{}% 16
\BOOKMARK [2][-]{subsection.5.1}{Motorcycle Acceleration Data}{section.5}% 17
\BOOKMARK [2][-]{subsection.5.2}{ChIP-Seq Data}{section.5}% 18
\BOOKMARK [1][-]{section.6}{Discussion}{}% 19
\BOOKMARK [1][-]{section.7}{Reference}{}% 20
\BOOKMARK [1][-]{Appendix.a.A}{Appendix }{}% 21
\BOOKMARK [1][-]{Appendix.a.B}{Appendix }{}% 22
\BOOKMARK [2][-]{subsection.a.B.1}{Estimates and standard errors for j}{Appendix.a.B}% 23
\BOOKMARK [2][-]{subsection.a.B.2}{Signal reconstruction}{Appendix.a.B}% 24
